<?xml version="1.0" encoding="UTF-8"?>
<coverage generated="1623766656656" clover="3.2.0">
  <project timestamp="1623766656656" name="All files">
    <metrics statements="24" coveredstatements="19" conditionals="23" coveredconditionals="10" methods="2" coveredmethods="2" elements="49" coveredelements="31" complexity="0" loc="24" ncloc="24" packages="1" files="1" classes="1"/>
    <file name="cipher.js" path="C:\Users\bethz\Documents\Laboratoria\LIM015-cipher\src\cipher.js">
      <metrics statements="24" coveredstatements="19" conditionals="23" coveredconditionals="10" methods="2" coveredmethods="2"/>
      <line num="1" count="1" type="stmt"/>
      <line num="4" count="2" type="cond" truecount="2" falsecount="2"/>
      <line num="6" count="0" type="stmt"/>
      <line num="9" count="2" type="stmt"/>
      <line num="10" count="2" type="cond" truecount="4" falsecount="1"/>
      <line num="12" count="2" type="stmt"/>
      <line num="14" count="11" type="cond" truecount="2" falsecount="0"/>
      <line num="15" count="10" type="stmt"/>
      <line num="16" count="10" type="stmt"/>
      <line num="20" count="1" type="stmt"/>
      <line num="28" count="0" type="cond" truecount="0" falsecount="5"/>
      <line num="29" count="0" type="stmt"/>
      <line num="31" count="0" type="cond" truecount="0" falsecount="5"/>
      <line num="32" count="0" type="stmt"/>
      <line num="36" count="2" type="stmt"/>
      <line num="43" count="2" type="stmt"/>
      <line num="44" count="2" type="stmt"/>
      <line num="45" count="2" type="stmt"/>
      <line num="47" count="2" type="stmt"/>
      <line num="50" count="11" type="cond" truecount="2" falsecount="0"/>
      <line num="51" count="10" type="stmt"/>
      <line num="52" count="10" type="stmt"/>
      <line num="57" count="1" type="stmt"/>
      <line num="66" count="2" type="stmt"/>
    </file>
  </project>
</coverage>
