TN:
SF:src\cipher.js
FN:2,(anonymous_0)
FN:41,(anonymous_1)
FNF:2
FNH:2
FNDA:2,(anonymous_0)
FNDA:2,(anonymous_1)
DA:1,1
DA:4,2
DA:6,0
DA:9,2
DA:10,2
DA:12,2
DA:14,11
DA:15,10
DA:16,10
DA:20,1
DA:28,0
DA:29,0
DA:31,0
DA:32,0
DA:36,2
DA:43,2
DA:44,2
DA:45,2
DA:47,2
DA:50,11
DA:51,10
DA:52,10
DA:57,1
DA:66,2
LF:24
LH:19
BRDA:4,0,0,0
BRDA:4,0,1,2
BRDA:4,1,0,2
BRDA:4,1,1,0
BRDA:10,2,0,2
BRDA:10,2,1,0
BRDA:10,3,0,2
BRDA:10,3,1,2
BRDA:10,3,2,2
BRDA:14,4,0,10
BRDA:14,4,1,1
BRDA:28,5,0,0
BRDA:28,5,1,0
BRDA:28,6,0,0
BRDA:28,6,1,0
BRDA:28,6,2,0
BRDA:31,7,0,0
BRDA:31,7,1,0
BRDA:31,8,0,0
BRDA:31,8,1,0
BRDA:31,8,2,0
BRDA:50,9,0,10
BRDA:50,9,1,1
BRF:23
BRH:10
end_of_record
